# JRE version: Java(TM) SE Runtime Environment (8.0_131-b11) (build 1.8.0_131-b11)
# Java VM: Java HotSpot(TM) 64-Bit Server VM (25.131-b11 mixed mode windows-amd64 compressed oops)
Heap:
 PSYoungGen      total 160256K, used 9096K [0x000000076b700000, 0x0000000776b80000, 0x00000007c0000000)
  eden space 146944K, 0% used [0x000000076b700000,0x000000076b700000,0x0000000774680000)
  from space 13312K, 68% used [0x0000000775300000,0x0000000775be21f0,0x0000000776000000)
  to   space 12800K, 0% used [0x0000000774680000,0x0000000774680000,0x0000000775300000)
 ParOldGen       total 106496K, used 9148K [0x00000006c2400000, 0x00000006c8c00000, 0x000000076b700000)
  object space 106496K, 8% used [0x00000006c2400000,0x00000006c2cef2d0,0x00000006c8c00000)
 Metaspace       used 33431K, capacity 35368K, committed 35456K, reserved 1079296K
  class space    used 4333K, capacity 4710K, committed 4736K, reserved 1048576K
GC Heap History (10 events):
Event: 1.969 GC heap after
Heap after GC invocations=3 (full 1):
 PSYoungGen      total 75776K, used 0K [0x000000076b700000, 0x0000000774b00000, 0x00000007c0000000)
  eden space 65024K, 0% used [0x000000076b700000,0x000000076b700000,0x000000076f680000)
  from space 10752K, 0% used [0x0000000770100000,0x0000000770100000,0x0000000770b80000)
  to   space 10752K, 0% used [0x000000076f680000,0x000000076f680000,0x0000000770100000)
 ParOldGen       total 106496K, used 9116K [0x00000006c2400000, 0x00000006c8c00000, 0x000000076b700000)
  object space 106496K, 8% used [0x00000006c2400000,0x00000006c2ce72d0,0x00000006c8c00000)
 Metaspace       used 20397K, capacity 21122K, committed 21296K, reserved 1067008K
  class space    used 2640K, capacity 2821K, committed 2944K, reserved 1048576K
}
Event: 2.186 GC heap before
{Heap before GC invocations=4 (full 1):
 PSYoungGen      total 75776K, used 65024K [0x000000076b700000, 0x0000000774b00000, 0x00000007c0000000)
  eden space 65024K, 100% used [0x000000076b700000,0x000000076f680000,0x000000076f680000)
  from space 10752K, 0% used [0x0000000770100000,0x0000000770100000,0x0000000770b80000)
  to   space 10752K, 0% used [0x000000076f680000,0x000000076f680000,0x0000000770100000)
 ParOldGen       total 106496K, used 9116K [0x00000006c2400000, 0x00000006c8c00000, 0x000000076b700000)
  object space 106496K, 8% used [0x00000006c2400000,0x00000006c2ce72d0,0x00000006c8c00000)
 Metaspace       used 21941K, capacity 22922K, committed 23168K, reserved 1069056K
  class space    used 2873K, capacity 3097K, committed 3200K, reserved 1048576K
Event: 2.189 GC heap after
Heap after GC invocations=4 (full 1):
 PSYoungGen      total 75776K, used 3526K [0x000000076b700000, 0x0000000772a80000, 0x00000007c0000000)
  eden space 65024K, 0% used [0x000000076b700000,0x000000076b700000,0x000000076f680000)
  from space 10752K, 32% used [0x000000076f680000,0x000000076f9f1828,0x0000000770100000)
  to   space 10752K, 0% used [0x0000000772000000,0x0000000772000000,0x0000000772a80000)
 ParOldGen       total 106496K, used 9124K [0x00000006c2400000, 0x00000006c8c00000, 0x000000076b700000)
  object space 106496K, 8% used [0x00000006c2400000,0x00000006c2ce92d0,0x00000006c8c00000)
 Metaspace       used 21941K, capacity 22922K, committed 23168K, reserved 1069056K
  class space    used 2873K, capacity 3097K, committed 3200K, reserved 1048576K
}
Event: 2.699 GC heap before
{Heap before GC invocations=5 (full 1):
 PSYoungGen      total 75776K, used 68550K [0x000000076b700000, 0x0000000772a80000, 0x00000007c0000000)
  eden space 65024K, 100% used [0x000000076b700000,0x000000076f680000,0x000000076f680000)
  from space 10752K, 32% used [0x000000076f680000,0x000000076f9f1828,0x0000000770100000)
  to   space 10752K, 0% used [0x0000000772000000,0x0000000772000000,0x0000000772a80000)
 ParOldGen       total 106496K, used 9124K [0x00000006c2400000, 0x00000006c8c00000, 0x000000076b700000)
  object space 106496K, 8% used [0x00000006c2400000,0x00000006c2ce92d0,0x00000006c8c00000)
 Metaspace       used 25934K, capacity 27314K, committed 27392K, reserved 1073152K
  class space    used 3474K, capacity 3793K, committed 3840K, reserved 1048576K
Event: 2.707 GC heap after
Heap after GC invocations=5 (full 1):
 PSYoungGen      total 107520K, used 8611K [0x000000076b700000, 0x0000000772b80000, 0x00000007c0000000)
  eden space 96768K, 0% used [0x000000076b700000,0x000000076b700000,0x0000000771580000)
  from space 10752K, 80% used [0x0000000772000000,0x0000000772868e08,0x0000000772a80000)
  to   space 10752K, 0% used [0x0000000771580000,0x0000000771580000,0x0000000772000000)
 ParOldGen       total 106496K, used 9132K [0x00000006c2400000, 0x00000006c8c00000, 0x000000076b700000)
  object space 106496K, 8% used [0x00000006c2400000,0x00000006c2ceb2d0,0x00000006c8c00000)
 Metaspace       used 25934K, capacity 27314K, committed 27392K, reserved 1073152K
  class space    used 3474K, capacity 3793K, committed 3840K, reserved 1048576K
}
Event: 3.221 GC heap before
{Heap before GC invocations=6 (full 1):
 PSYoungGen      total 107520K, used 105379K [0x000000076b700000, 0x0000000772b80000, 0x00000007c0000000)
  eden space 96768K, 100% used [0x000000076b700000,0x0000000771580000,0x0000000771580000)
  from space 10752K, 80% used [0x0000000772000000,0x0000000772868e08,0x0000000772a80000)
  to   space 10752K, 0% used [0x0000000771580000,0x0000000771580000,0x0000000772000000)
 ParOldGen       total 106496K, used 9132K [0x00000006c2400000, 0x00000006c8c00000, 0x000000076b700000)
  object space 106496K, 8% used [0x00000006c2400000,0x00000006c2ceb2d0,0x00000006c8c00000)
 Metaspace       used 31007K, capacity 33016K, committed 33152K, reserved 1077248K
  class space    used 4109K, capacity 4480K, committed 4480K, reserved 1048576K
Event: 3.229 GC heap after
Heap after GC invocations=6 (full 1):
 PSYoungGen      total 107520K, used 10650K [0x000000076b700000, 0x0000000776000000, 0x00000007c0000000)
  eden space 96768K, 0% used [0x000000076b700000,0x000000076b700000,0x0000000771580000)
  from space 10752K, 99% used [0x0000000771580000,0x0000000771fe6828,0x0000000772000000)
  to   space 13312K, 0% used [0x0000000775300000,0x0000000775300000,0x0000000776000000)
 ParOldGen       total 106496K, used 9140K [0x00000006c2400000, 0x00000006c8c00000, 0x000000076b700000)
  object space 106496K, 8% used [0x00000006c2400000,0x00000006c2ced2d0,0x00000006c8c00000)
 Metaspace       used 31007K, capacity 33016K, committed 33152K, reserved 1077248K
  class space    used 4109K, capacity 4480K, committed 4480K, reserved 1048576K
}
Event: 3.346 GC heap before
{Heap before GC invocations=7 (full 1):
 PSYoungGen      total 107520K, used 29393K [0x000000076b700000, 0x0000000776000000, 0x00000007c0000000)
  eden space 96768K, 19% used [0x000000076b700000,0x000000076c94dd18,0x0000000771580000)
  from space 10752K, 99% used [0x0000000771580000,0x0000000771fe6828,0x0000000772000000)
  to   space 13312K, 0% used [0x0000000775300000,0x0000000775300000,0x0000000776000000)
 ParOldGen       total 106496K, used 9140K [0x00000006c2400000, 0x00000006c8c00000, 0x000000076b700000)
  object space 106496K, 8% used [0x00000006c2400000,0x00000006c2ced2d0,0x00000006c8c00000)
 Metaspace       used 33431K, capacity 35368K, committed 35456K, reserved 1079296K
  class space    used 4333K, capacity 4710K, committed 4736K, reserved 1048576K
Event: 3.353 GC heap after
Heap after GC invocations=7 (full 1):
 PSYoungGen      total 160256K, used 9096K [0x000000076b700000, 0x0000000776b80000, 0x00000007c0000000)
  eden space 146944K, 0% used [0x000000076b700000,0x000000076b700000,0x0000000774680000)
  from space 13312K, 68% used [0x0000000775300000,0x0000000775be21f0,0x0000000776000000)
  to   space 12800K, 0% used [0x0000000774680000,0x0000000774680000,0x0000000775300000)
 ParOldGen       total 106496K, used 9148K [0x00000006c2400000, 0x00000006c8c00000, 0x000000076b700000)
  object space 106496K, 8% used [0x00000006c2400000,0x00000006c2cef2d0,0x00000006c8c00000)
 Metaspace       used 33431K, capacity 35368K, committed 35456K, reserved 1079296K
  class space    used 4333K, capacity 4710K, committed 4736K, reserved 1048576K
}
Event: 3.353 GC heap before
{Heap before GC invocations=8 (full 2):
 PSYoungGen      total 160256K, used 9096K [0x000000076b700000, 0x0000000776b80000, 0x00000007c0000000)
  eden space 146944K, 0% used [0x000000076b700000,0x000000076b700000,0x0000000774680000)
  from space 13312K, 68% used [0x0000000775300000,0x0000000775be21f0,0x0000000776000000)
  to   space 12800K, 0% used [0x0000000774680000,0x0000000774680000,0x0000000775300000)
 ParOldGen       total 106496K, used 9148K [0x00000006c2400000, 0x00000006c8c00000, 0x000000076b700000)
  object space 106496K, 8% used [0x00000006c2400000,0x00000006c2cef2d0,0x00000006c8c00000)
 Metaspace       used 33431K, capacity 35368K, committed 35456K, reserved 1079296K
  class space    used 4333K, capacity 4710K, committed 4736K, reserved 1048576K

