# JRE version: Java(TM) SE Runtime Environment (8.0_131-b11) (build 1.8.0_131-b11)
# Java VM: Java HotSpot(TM) 64-Bit Server VM (25.131-b11 mixed mode windows-amd64 compressed oops)
Heap:
 PSYoungGen      total 335872K, used 242043K [0x000000076b700000, 0x0000000781680000, 0x00000007c0000000)
  eden space 316928K, 70% used [0x000000076b700000,0x00000007790dee20,0x000000077ec80000)
  from space 18944K, 99% used [0x0000000780280000,0x00000007814ffdf8,0x0000000781500000)
  to   space 21504K, 0% used [0x000000077ec80000,0x000000077ec80000,0x0000000780180000)
 ParOldGen       total 199680K, used 23437K [0x00000006c2400000, 0x00000006ce700000, 0x000000076b700000)
  object space 199680K, 11% used [0x00000006c2400000,0x00000006c3ae35e0,0x00000006ce700000)
 Metaspace       used 88180K, capacity 93238K, committed 93332K, reserved 1130496K
  class space    used 11397K, capacity 12145K, committed 12220K, reserved 1048576K
GC Heap History (10 events):
Event: 5.965 GC heap before
{Heap before GC invocations=9 (full 2):
 PSYoungGen      total 193536K, used 193513K [0x000000076b700000, 0x0000000778480000, 0x00000007c0000000)
  eden space 182784K, 100% used [0x000000076b700000,0x0000000776980000,0x0000000776980000)
  from space 10752K, 99% used [0x0000000777700000,0x000000077817a750,0x0000000778180000)
  to   space 13824K, 0% used [0x0000000776980000,0x0000000776980000,0x0000000777700000)
 ParOldGen       total 145920K, used 20132K [0x00000006c2400000, 0x00000006cb280000, 0x000000076b700000)
  object space 145920K, 13% used [0x00000006c2400000,0x00000006c37a91b8,0x00000006cb280000)
 Metaspace       used 55072K, capacity 58236K, committed 58456K, reserved 1099776K
  class space    used 6693K, capacity 7217K, committed 7296K, reserved 1048576K
Event: 5.978 GC heap after
Heap after GC invocations=9 (full 2):
 PSYoungGen      total 196608K, used 13823K [0x000000076b700000, 0x000000077d680000, 0x00000007c0000000)
  eden space 182784K, 0% used [0x000000076b700000,0x000000076b700000,0x0000000776980000)
  from space 13824K, 99% used [0x0000000776980000,0x00000007776ffcc0,0x0000000777700000)
  to   space 17920K, 0% used [0x000000077c500000,0x000000077c500000,0x000000077d680000)
 ParOldGen       total 145920K, used 25304K [0x00000006c2400000, 0x00000006cb280000, 0x000000076b700000)
  object space 145920K, 17% used [0x00000006c2400000,0x00000006c3cb6160,0x00000006cb280000)
 Metaspace       used 55072K, capacity 58236K, committed 58456K, reserved 1099776K
  class space    used 6693K, capacity 7217K, committed 7296K, reserved 1048576K
}
Event: 6.097 GC heap before
{Heap before GC invocations=10 (full 2):
 PSYoungGen      total 196608K, used 33325K [0x000000076b700000, 0x000000077d680000, 0x00000007c0000000)
  eden space 182784K, 10% used [0x000000076b700000,0x000000076ca0b7f0,0x0000000776980000)
  from space 13824K, 99% used [0x0000000776980000,0x00000007776ffcc0,0x0000000777700000)
  to   space 17920K, 0% used [0x000000077c500000,0x000000077c500000,0x000000077d680000)
 ParOldGen       total 145920K, used 25304K [0x00000006c2400000, 0x00000006cb280000, 0x000000076b700000)
  object space 145920K, 17% used [0x00000006c2400000,0x00000006c3cb6160,0x00000006cb280000)
 Metaspace       used 55724K, capacity 58930K, committed 59028K, reserved 1101824K
  class space    used 6783K, capacity 7308K, committed 7356K, reserved 1048576K
Event: 6.105 GC heap after
Heap after GC invocations=10 (full 2):
 PSYoungGen      total 276480K, used 12521K [0x000000076b700000, 0x000000077ec00000, 0x00000007c0000000)
  eden space 258560K, 0% used [0x000000076b700000,0x000000076b700000,0x000000077b380000)
  from space 17920K, 69% used [0x000000077c500000,0x000000077d13a530,0x000000077d680000)
  to   space 17920K, 0% used [0x000000077b380000,0x000000077b380000,0x000000077c500000)
 ParOldGen       total 145920K, used 25312K [0x00000006c2400000, 0x00000006cb280000, 0x000000076b700000)
  object space 145920K, 17% used [0x00000006c2400000,0x00000006c3cb8160,0x00000006cb280000)
 Metaspace       used 55724K, capacity 58930K, committed 59028K, reserved 1101824K
  class space    used 6783K, capacity 7308K, committed 7356K, reserved 1048576K
}
Event: 6.105 GC heap before
{Heap before GC invocations=11 (full 3):
 PSYoungGen      total 276480K, used 12521K [0x000000076b700000, 0x000000077ec00000, 0x00000007c0000000)
  eden space 258560K, 0% used [0x000000076b700000,0x000000076b700000,0x000000077b380000)
  from space 17920K, 69% used [0x000000077c500000,0x000000077d13a530,0x000000077d680000)
  to   space 17920K, 0% used [0x000000077b380000,0x000000077b380000,0x000000077c500000)
 ParOldGen       total 145920K, used 25312K [0x00000006c2400000, 0x00000006cb280000, 0x000000076b700000)
  object space 145920K, 17% used [0x00000006c2400000,0x00000006c3cb8160,0x00000006cb280000)
 Metaspace       used 55724K, capacity 58930K, committed 59028K, reserved 1101824K
  class space    used 6783K, capacity 7308K, committed 7356K, reserved 1048576K
Event: 6.239 GC heap after
Heap after GC invocations=11 (full 3):
 PSYoungGen      total 276480K, used 0K [0x000000076b700000, 0x000000077ec00000, 0x00000007c0000000)
  eden space 258560K, 0% used [0x000000076b700000,0x000000076b700000,0x000000077b380000)
  from space 17920K, 0% used [0x000000077c500000,0x000000077c500000,0x000000077d680000)
  to   space 17920K, 0% used [0x000000077b380000,0x000000077b380000,0x000000077c500000)
 ParOldGen       total 199680K, used 22288K [0x00000006c2400000, 0x00000006ce700000, 0x000000076b700000)
  object space 199680K, 11% used [0x00000006c2400000,0x00000006c39c41d0,0x00000006ce700000)
 Metaspace       used 55722K, capacity 58924K, committed 59028K, reserved 1101824K
  class space    used 6782K, capacity 7307K, committed 7356K, reserved 1048576K
}
Event: 7.763 GC heap before
{Heap before GC invocations=12 (full 3):
 PSYoungGen      total 276480K, used 258560K [0x000000076b700000, 0x000000077ec00000, 0x00000007c0000000)
  eden space 258560K, 100% used [0x000000076b700000,0x000000077b380000,0x000000077b380000)
  from space 17920K, 0% used [0x000000077c500000,0x000000077c500000,0x000000077d680000)
  to   space 17920K, 0% used [0x000000077b380000,0x000000077b380000,0x000000077c500000)
 ParOldGen       total 199680K, used 22288K [0x00000006c2400000, 0x00000006ce700000, 0x000000076b700000)
  object space 199680K, 11% used [0x00000006c2400000,0x00000006c39c41d0,0x00000006ce700000)
 Metaspace       used 68607K, capacity 72420K, committed 72724K, reserved 1112064K
  class space    used 8652K, capacity 9257K, committed 9276K, reserved 1048576K
Event: 7.781 GC heap after
Heap after GC invocations=12 (full 3):
 PSYoungGen      total 276480K, used 15614K [0x000000076b700000, 0x0000000781500000, 0x00000007c0000000)
  eden space 258560K, 0% used [0x000000076b700000,0x000000076b700000,0x000000077b380000)
  from space 17920K, 87% used [0x000000077b380000,0x000000077c2bf870,0x000000077c500000)
  to   space 18944K, 0% used [0x0000000780280000,0x0000000780280000,0x0000000781500000)
 ParOldGen       total 199680K, used 22296K [0x00000006c2400000, 0x00000006ce700000, 0x000000076b700000)
  object space 199680K, 11% used [0x00000006c2400000,0x00000006c39c61d0,0x00000006ce700000)
 Metaspace       used 68607K, capacity 72420K, committed 72724K, reserved 1112064K
  class space    used 8652K, capacity 9257K, committed 9276K, reserved 1048576K
}
Event: 9.434 GC heap before
{Heap before GC invocations=13 (full 3):
 PSYoungGen      total 276480K, used 274174K [0x000000076b700000, 0x0000000781500000, 0x00000007c0000000)
  eden space 258560K, 100% used [0x000000076b700000,0x000000077b380000,0x000000077b380000)
  from space 17920K, 87% used [0x000000077b380000,0x000000077c2bf870,0x000000077c500000)
  to   space 18944K, 0% used [0x0000000780280000,0x0000000780280000,0x0000000781500000)
 ParOldGen       total 199680K, used 22296K [0x00000006c2400000, 0x00000006ce700000, 0x000000076b700000)
  object space 199680K, 11% used [0x00000006c2400000,0x00000006c39c61d0,0x00000006ce700000)
 Metaspace       used 82920K, capacity 86916K, committed 87316K, reserved 1126400K
  class space    used 10623K, capacity 11232K, committed 11324K, reserved 1048576K
Event: 9.459 GC heap after
Heap after GC invocations=13 (full 3):
 PSYoungGen      total 335872K, used 18943K [0x000000076b700000, 0x0000000781680000, 0x00000007c0000000)
  eden space 316928K, 0% used [0x000000076b700000,0x000000076b700000,0x000000077ec80000)
  from space 18944K, 99% used [0x0000000780280000,0x00000007814ffdf8,0x0000000781500000)
  to   space 21504K, 0% used [0x000000077ec80000,0x000000077ec80000,0x0000000780180000)
 ParOldGen       total 199680K, used 23437K [0x00000006c2400000, 0x00000006ce700000, 0x000000076b700000)
  object space 199680K, 11% used [0x00000006c2400000,0x00000006c3ae35e0,0x00000006ce700000)
 Metaspace       used 82920K, capacity 86916K, committed 87316K, reserved 1126400K
  class space    used 10623K, capacity 11232K, committed 11324K, reserved 1048576K
}

